000 (155.000.000) 10/05 15:06:22 Job submitted from host: <172.16.4.10:9618?addrs=172.16.4.10-9618&noUDP&sock=234545_f09a_3>
...
001 (155.000.000) 10/05 15:06:37 Job executing on host: <172.16.4.9:9618?addrs=172.16.4.9-9618&noUDP&sock=13293_7887_3>
...
006 (155.000.000) 10/05 15:06:37 Image size of job updated: 15
	0  -  MemoryUsage of job (MB)
	0  -  ResidentSetSize of job (KB)
...
005 (155.000.000) 10/05 15:06:37 Job terminated.
	(1) Normal termination (return value 0)
		Usr 0 00:00:00, Sys 0 00:00:00  -  Run Remote Usage
		Usr 0 00:00:00, Sys 0 00:00:00  -  Run Local Usage
		Usr 0 00:00:00, Sys 0 00:00:00  -  Total Remote Usage
		Usr 0 00:00:00, Sys 0 00:00:00  -  Total Local Usage
	710  -  Run Bytes Sent By Job
	13554  -  Run Bytes Received By Job
	710  -  Total Bytes Sent By Job
	13554  -  Total Bytes Received By Job
	Partitionable Resources :    Usage  Request Allocated 
	   Cpus                 :                 1         1 
	   Disk (KB)            :       23       15  20690126 
	   Memory (MB)          :        0        1      1955 
...
