000 (158.000.000) 10/05 15:41:54 Job submitted from host: <172.16.4.10:9618?addrs=172.16.4.10-9618&noUDP&sock=234545_f09a_3>
...
012 (158.000.000) 10/05 15:42:06 Job was held.
	No condor_shadow installed that supports standard universe jobs
	Code 24 Subcode 0
...
000 (159.000.000) 10/05 15:43:00 Job submitted from host: <172.16.4.10:9618?addrs=172.16.4.10-9618&noUDP&sock=234545_f09a_3>
...
001 (159.000.000) 10/05 15:43:08 Job executing on host: <172.16.4.9:9618?addrs=172.16.4.9-9618&noUDP&sock=13293_7887_3>
...
006 (159.000.000) 10/05 15:43:16 Image size of job updated: 11808
	0  -  MemoryUsage of job (MB)
	0  -  ResidentSetSize of job (KB)
...
005 (159.000.000) 10/05 15:43:16 Job terminated.
	(1) Normal termination (return value 0)
		Usr 0 00:00:07, Sys 0 00:00:00  -  Run Remote Usage
		Usr 0 00:00:00, Sys 0 00:00:00  -  Run Local Usage
		Usr 0 00:00:07, Sys 0 00:00:00  -  Total Remote Usage
		Usr 0 00:00:00, Sys 0 00:00:00  -  Total Local Usage
	12130960  -  Run Bytes Sent By Job
	6151812  -  Run Bytes Received By Job
	12130960  -  Total Bytes Sent By Job
	6151812  -  Total Bytes Received By Job
	Partitionable Resources :    Usage  Request Allocated 
	   Cpus                 :        0        1         1 
	   Disk (KB)            :    17868     7500  20690126 
	   Memory (MB)          :        0        1      1955 
...
009 (158.000.000) 10/05 15:51:00 Job was aborted by the user.
	via condor_rm (by user centos)
...
